<?xml version="1.0" encoding="UTF-8"?>
<!-- Generated by org.testng.reporters.JUnitReportReporter -->
<testsuite hostname="DESKTOP-SQ7EEJ2" failures="0" tests="2" name="com.Flipcarts.test.LoginTest" time="23.352" errors="0" timestamp="2024-08-16T00:09:27 IST" skipped="0">
  <testcase classname="com.Flipcarts.test.LoginTest" name="loginWithValidUserNameAndValidPassword1" time="11.494"/>
  <system-out/>
  <testcase classname="com.Flipcarts.test.LoginTest" name="loginWithValidUserNameAndValidPassword1" time="11.858"/>
  <system-out/>
</testsuite> <!-- com.Flipcarts.test.LoginTest -->
