<?xml version="1.0" encoding="UTF-8"?>
<!-- Generated by org.testng.reporters.JUnitReportReporter -->
<testsuite hostname="DESKTOP-SQ7EEJ2" failures="0" tests="4" name="com.Flipcarts.test.LoginTest" time="56.126" errors="0" timestamp="2024-08-11T22:04:49 IST" skipped="0">
  <testcase classname="com.Flipcarts.test.LoginTest" name="loginWithValidUserNameAndValidPassword1" time="13.426"/>
  <system-out/>
  <testcase classname="com.Flipcarts.test.LoginTest" name="loginWithValidUserNameAndInvalidPassword" time="12.657"/>
  <system-out/>
  <testcase classname="com.Flipcarts.test.LoginTest" name="loginWithInvalidUserNameAndValidPassword" time="13.137"/>
  <system-out/>
  <testcase classname="com.Flipcarts.test.LoginTest" name="loginWithInvalidUserNameAndInvalidPassword" time="16.906"/>
  <system-out/>
</testsuite> <!-- com.Flipcarts.test.LoginTest -->
