<?xml version="1.0" encoding="UTF-8"?>
<!-- Generated by org.testng.reporters.JUnitReportReporter -->
<testsuite hostname="DESKTOP-SQ7EEJ2" failures="0" tests="2" name="com.utilites.Utility" time="0.836" errors="0" timestamp="2024-08-07T22:47:37 IST" skipped="0">
  <testcase classname="com.utilites.Utility" name="ReadDataFromPropertiesFile" time="0.002"/>
  <system-out/>
  <testcase classname="com.utilites.Utility" name="ReadDataFromExcel" time="0.834"/>
  <system-out/>
</testsuite> <!-- com.utilites.Utility -->
