<?xml version="1.0" encoding="UTF-8"?>
<!-- Generated by org.testng.reporters.JUnitReportReporter -->
<testsuite hostname="DESKTOP-SQ7EEJ2" failures="0" tests="4" name="com.Flipcarts.test.RegisterTest" time="40.306" errors="0" timestamp="2024-08-11T22:04:49 IST" skipped="0">
  <testcase classname="com.Flipcarts.test.RegisterTest" name="registerWithValidFields" time="8.762"/>
  <system-out/>
  <testcase classname="com.Flipcarts.test.RegisterTest" name="registerWithValidFieldsAndSubscribe" time="11.089"/>
  <system-out/>
  <testcase classname="com.Flipcarts.test.RegisterTest" name="registerWithoutAgreeingToPrivacyPolicy" time="10.895"/>
  <system-out/>
  <testcase classname="com.Flipcarts.test.RegisterTest" name="registerWithoutEnteringAnyField" time="9.560"/>
  <system-out/>
</testsuite> <!-- com.Flipcarts.test.RegisterTest -->
