<?xml version="1.0" encoding="UTF-8"?>
<!-- Generated by org.testng.reporters.JUnitReportReporter -->
<testsuite hostname="DESKTOP-SQ7EEJ2" failures="0" tests="3" name="com.Flipcarts.test.SeearchTest" time="30.669" errors="0" timestamp="2024-08-11T22:04:49 IST" skipped="0">
  <testcase classname="com.Flipcarts.test.SeearchTest" name="verifySearchWithValidProduct" time="11.899"/>
  <system-out/>
  <testcase classname="com.Flipcarts.test.SeearchTest" name="verifySearchWithInvalidProduct" time="8.452"/>
  <system-out/>
  <testcase classname="com.Flipcarts.test.SeearchTest" name="verifySearchWithoutAnyProduct" time="10.318"/>
  <system-out/>
</testsuite> <!-- com.Flipcarts.test.SeearchTest -->
